<?xml version="1.0" encoding="UTF-8"?>
<!-- Generated by org.testng.reporters.JUnitReportReporter -->
<testsuite skipped="0" hostname="LAPTOP-PLBTIQVB" name="com.runner.TestRunner" tests="1" failures="1" timestamp="2022-01-06T19:23:46 IST" time="20.765" errors="0">
  <testcase name="runScenario" time="20.765" classname="com.runner.TestRunner">
    <failure type="java.lang.AssertionError" message="expected [11] but found [9]">
      <![CDATA[java.lang.AssertionError: expected [11] but found [9]
at org.testng.Assert.fail(Assert.java:99)
at org.testng.Assert.failNotEquals(Assert.java:1037)
at org.testng.Assert.assertEqualsImpl(Assert.java:140)
at org.testng.Assert.assertEquals(Assert.java:122)
at org.testng.Assert.assertEquals(Assert.java:907)
at org.testng.Assert.assertEquals(Assert.java:917)
at com.countdown.pages.CountDownTimerPage.verifyCountDownTime(CountDownTimerPage.java:82)
at com.countdown.pages.CountDownTimerPage.VerifyCountDownTimer(CountDownTimerPage.java:44)
at com.countdown.stepdef.CountDownTimeSteps.count_timer_should_gets_starts_and_it_should_decrement_by_sec(CountDownTimeSteps.java:66)
at âœ½.Count Timer should gets starts and it should decrement by 1-sec(file:///D:/EclipseLatest/CountDownTimer/src/test/resources/features/CountDownTimer.feature:10)
]]>
    </failure>
  </testcase> <!-- runScenario -->
  <system-out/>
</testsuite> <!-- com.runner.TestRunner -->
