<?xml version="1.0" encoding="UTF-8"?>
<!-- Generated by org.testng.reporters.JUnitXMLReporter -->
<testsuite hostname="LAPTOP-PLBTIQVB" ignored="0" name="Test" tests="1" failures="1" timestamp="2022-01-06T19:23:34 IST" time="23.59" errors="0">
  <testcase name="runScenario" time="20.765" classname="io.cucumber.testng.AbstractTestNGCucumberTests">
    <failure type="java.lang.AssertionError" message="expected [11] but found [9]">
      <![CDATA[java.lang.AssertionError: expected [11] but found [9]
at com.countdown.pages.CountDownTimerPage.verifyCountDownTime(CountDownTimerPage.java:82)
at com.countdown.pages.CountDownTimerPage.VerifyCountDownTimer(CountDownTimerPage.java:44)
at com.countdown.stepdef.CountDownTimeSteps.count_timer_should_gets_starts_and_it_should_decrement_by_sec(CountDownTimeSteps.java:66)
at âœ½.Count Timer should gets starts and it should decrement by 1-sec(file:///D:/EclipseLatest/CountDownTimer/src/test/resources/features/CountDownTimer.feature:10)
... Removed 6 stack frames]]>
    </failure>
  </testcase> <!-- runScenario -->
</testsuite> <!-- Test -->
